This file contains any messages produced by compilers while
running configure, to aid debugging if configure makes a mistake.

It was created by libpng configure 1.5.0, which was
generated by GNU Autoconf 2.68.  Invocation command line was

  $ ./configure 

## --------- ##
## Platform. ##
## --------- ##

hostname = Drew-PC
uname -m = i686
uname -r = 1.0.15(0.47/3/2)
uname -s = MINGW32_NT-6.0
uname -v = 2010-07-06 22:04

/usr/bin/uname -p = unknown
/bin/uname -X     = unknown

/bin/arch              = unknown
/usr/bin/arch -k       = unknown
/usr/convex/getsysinfo = unknown
/usr/bin/hostinfo      = unknown
/bin/machine           = unknown
/usr/bin/oslevel       = unknown
/bin/universe          = unknown

PATH: .
PATH: /usr/local/bin
PATH: /mingw/bin
PATH: /bin
PATH: /c/Program Files (x86)/ATI Stream/bin/x86_64
PATH: /c/Program Files (x86)/ATI Stream/bin/x86
PATH: /c/Program Files (x86)/ImageMagick-6.6.5-Q16
PATH: /c/Windows/system32
PATH: /c/Windows
PATH: /c/Windows/System32/Wbem
PATH: /c/Program Files (x86)/Microsoft SQL Server/100/DTS/Binn/
PATH: /c/Qt/bin
PATH: /c/NASM
PATH: /c/MinGW32/bin
PATH: /c/MinGW64/bin
PATH: /c/Program Files (x86)/Microsoft SQL Server/100/Tools/Binn/
PATH: /c/Program Files (x86)/GTK2-Runtime/bin
PATH: /c/Program Files (x86)/Diffuse


## ----------- ##
## Core tests. ##
## ----------- ##

configure:2303: checking for a BSD-compatible install
configure:2371: result: /bin/install -c
configure:2382: checking whether build environment is sane
configure:2432: result: yes
configure:2573: checking for a thread-safe mkdir -p
configure:2612: result: /bin/mkdir -p
configure:2625: checking for gawk
configure:2641: found /bin/gawk
configure:2652: result: gawk
configure:2663: checking whether make sets $(MAKE)
configure:2685: result: yes
configure:2766: checking whether to enable maintainer-specific portions of Makefiles
configure:2775: result: no
configure:2848: checking for gcc
configure:2864: found /c/MinGW32/bin/gcc
configure:2875: result: gcc
configure:3104: checking for C compiler version
configure:3113: gcc --version >&5
gcc.exe (tdm-1) 4.5.1
Copyright (C) 2010 Free Software Foundation, Inc.
This is free software; see the source for copying conditions.  There is NO
warranty; not even for MERCHANTABILITY or FITNESS FOR A PARTICULAR PURPOSE.

configure:3124: $? = 0
configure:3113: gcc -v >&5
Using built-in specs.
COLLECT_GCC=c:\MinGW32\bin\gcc.exe
COLLECT_LTO_WRAPPER=c:/mingw32/bin/../libexec/gcc/mingw32/4.5.1/lto-wrapper.exe
Target: mingw32
Configured with: ../../src/gcc-4.5.1/configure --build=mingw32 --enable-languages=c,ada,c++,fortran,objc,obj-c++ --enable-threads=win32 --enable-libgomp --enable-lto --enable-fully-dynamic-string --enable-libstdcxx-debug --enable-version-specific-runtime-libs --disable-nls --disable-win32-registry --disable-symvers --prefix=/mingw --disable-werror --enable-cxx-flags='-fno-function-sections -fno-data-sections' --with-pkgversion=tdm-1 --enable-sjlj-exceptions --with-bugurl=http://tdm-gcc.tdragon.net/bugs
Thread model: win32
gcc version 4.5.1 (tdm-1) 
configure:3124: $? = 0
configure:3113: gcc -V >&5
gcc.exe: '-V' option must have argument
configure:3124: $? = 1
configure:3113: gcc -qversion >&5
gcc.exe: unrecognized option '-qversion'
gcc.exe: no input files
configure:3124: $? = 1
configure:3144: checking whether the C compiler works
configure:3166: gcc    conftest.c  >&5
configure:3170: $? = 0
configure:3218: result: yes
configure:3221: checking for C compiler default output file name
configure:3223: result: a.exe
configure:3229: checking for suffix of executables
configure:3236: gcc -o conftest.exe    conftest.c  >&5
configure:3240: $? = 0
configure:3262: result: .exe
configure:3284: checking whether we are cross compiling
configure:3292: gcc -o conftest.exe    conftest.c  >&5
configure:3296: $? = 0
configure:3303: ./conftest.exe
configure:3307: $? = 0
configure:3322: result: no
configure:3327: checking for suffix of object files
configure:3349: gcc -c   conftest.c >&5
configure:3353: $? = 0
configure:3374: result: o
configure:3378: checking whether we are using the GNU C compiler
configure:3397: gcc -c   conftest.c >&5
configure:3397: $? = 0
configure:3406: result: yes
configure:3415: checking whether gcc accepts -g
configure:3435: gcc -c -g  conftest.c >&5
configure:3435: $? = 0
configure:3476: result: yes
configure:3493: checking for gcc option to accept ISO C89
configure:3557: gcc  -c -g -O2  conftest.c >&5
configure:3557: $? = 0
configure:3570: result: none needed
configure:3601: checking for style of include used by make
configure:3629: result: GNU
configure:3654: checking dependency style of gcc
configure:3764: result: gcc3
configure:3783: checking build system type
configure:3797: result: i686-pc-mingw32
configure:3817: checking host system type
configure:3830: result: i686-pc-mingw32
configure:3850: checking for a sed that does not truncate output
configure:3914: result: /bin/sed
configure:3932: checking for grep that handles long lines and -e
configure:3990: result: /bin/grep
configure:3995: checking for egrep
configure:4057: result: /bin/grep -E
configure:4062: checking for fgrep
configure:4124: result: /bin/grep -F
configure:4151: checking how to print strings
configure:4178: result: printf
configure:4211: checking for ld used by gcc
configure:4278: result: c:/mingw32/mingw32/bin/ld.exe
configure:4285: checking if the linker (c:/mingw32/mingw32/bin/ld.exe) is GNU ld
configure:4300: result: yes
configure:4317: checking how to run the C preprocessor
configure:4348: gcc -E  conftest.c
configure:4348: $? = 0
configure:4362: gcc -E  conftest.c
conftest.c:11:28: fatal error: ac_nonexistent.h: No such file or directory
compilation terminated.
configure:4362: $? = 1
configure: failed program was:
| /* confdefs.h */
| #define PACKAGE_NAME "libpng"
| #define PACKAGE_TARNAME "libpng"
| #define PACKAGE_VERSION "1.5.0"
| #define PACKAGE_STRING "libpng 1.5.0"
| #define PACKAGE_BUGREPORT "png-mng-implement@lists.sourceforge.net"
| #define PACKAGE_URL ""
| #define PACKAGE "libpng"
| #define VERSION "1.5.0"
| /* end confdefs.h.  */
| #include <ac_nonexistent.h>
configure:4387: result: gcc -E
configure:4407: gcc -E  conftest.c
configure:4407: $? = 0
configure:4421: gcc -E  conftest.c
conftest.c:11:28: fatal error: ac_nonexistent.h: No such file or directory
compilation terminated.
configure:4421: $? = 1
configure: failed program was:
| /* confdefs.h */
| #define PACKAGE_NAME "libpng"
| #define PACKAGE_TARNAME "libpng"
| #define PACKAGE_VERSION "1.5.0"
| #define PACKAGE_STRING "libpng 1.5.0"
| #define PACKAGE_BUGREPORT "png-mng-implement@lists.sourceforge.net"
| #define PACKAGE_URL ""
| #define PACKAGE "libpng"
| #define VERSION "1.5.0"
| /* end confdefs.h.  */
| #include <ac_nonexistent.h>
configure:4492: checking for sed
configure:4519: result: /bin/sed
configure:4634: checking whether ln -s works
configure:4641: result: no, using cp -p
configure:4645: checking whether make sets $(MAKE)
configure:4667: result: yes
configure:4678: WARNING: Libtool does not cope well with whitespace in `pwd`
configure:4718: checking for BSD- or MS-compatible name lister (nm)
configure:4767: result: /c/MinGW32/bin/nm
configure:4897: checking the name lister (/c/MinGW32/bin/nm) interface
configure:4904: gcc -c -g -O2  conftest.c >&5
configure:4907: /c/MinGW32/bin/nm "conftest.o"
configure:4910: output
00000000 b .bss
00000000 d .data
00000000 N .debug_abbrev
00000000 N .debug_info
00000000 N .debug_line
00000000 N .debug_pubnames
00000000 t .text
00000000 B _some_variable
configure:4917: result: BSD nm
configure:4921: checking the maximum length of command line arguments
configure:5046: result: 8192
configure:5063: checking whether the shell understands some XSI constructs
configure:5073: result: yes
configure:5077: checking whether the shell understands "+="
configure:5083: result: yes
configure:5118: checking how to convert i686-pc-mingw32 file names to i686-pc-mingw32 format
configure:5158: result: func_convert_file_msys_to_w32
configure:5165: checking how to convert i686-pc-mingw32 file names to toolchain format
configure:5185: result: func_convert_file_msys_to_w32
configure:5192: checking for c:/mingw32/mingw32/bin/ld.exe option to reload object files
configure:5199: result: -r
configure:5273: checking for objdump
configure:5289: found /c/MinGW32/bin/objdump
configure:5300: result: objdump
configure:5329: checking how to recognize dependent libraries
configure:5531: result: file_magic ^x86 archive import|^x86 DLL
configure:5616: checking for dlltool
configure:5632: found /c/MinGW32/bin/dlltool
configure:5643: result: dlltool
configure:5673: checking how to associate runtime and link libraries
configure:5700: result: func_cygming_dll_for_implib
configure:5761: checking for ar
configure:5777: found /c/MinGW32/bin/ar
configure:5788: result: ar
configure:5825: checking for archiver @FILE support
configure:5842: gcc -c -g -O2  conftest.c >&5
configure:5842: $? = 0
configure:5845: ar cru libconftest.a @conftest.lst >&5
configure:5848: $? = 0
configure:5853: ar cru libconftest.a @conftest.lst >&5
c:\MinGW32\bin\ar.exe: conftest.o: No such file or directory
configure:5856: $? = 1
configure:5868: result: @
configure:5926: checking for strip
configure:5942: found /c/MinGW32/bin/strip
configure:5953: result: strip
configure:6025: checking for ranlib
configure:6041: found /c/MinGW32/bin/ranlib
configure:6052: result: ranlib
configure:6154: checking command to parse /c/MinGW32/bin/nm output from gcc object
configure:6273: gcc -c -g -O2  conftest.c >&5
configure:6276: $? = 0
configure:6280: /c/MinGW32/bin/nm conftest.o \| sed -n -e 's/^.*[ ]\([ABCDGIRSTW][ABCDGIRSTW]*\)[ ][ ]*\([_A-Za-z][_A-Za-z0-9]*\)\{0,1\}$/\1 \2 \2/p' | sed '/ __gnu_lto/d' \> conftest.nm
configure:6283: $? = 0
cannot find nm_test_var in conftest.nm
configure:6273: gcc -c -g -O2  conftest.c >&5
configure:6276: $? = 0
configure:6280: /c/MinGW32/bin/nm conftest.o \| sed -n -e 's/^.*[ ]\([ABCDGIRSTW][ABCDGIRSTW]*\)[ ][ ]*_\([_A-Za-z][_A-Za-z0-9]*\)\{0,1\}$/\1 _\2 \2/p' | sed '/ __gnu_lto/d' \> conftest.nm
configure:6283: $? = 0
configure:6349: gcc -o conftest.exe -g -O2   conftest.c conftstm.o >&5
configure:6352: $? = 0
configure:6390: result: ok
configure:6427: checking for sysroot
configure:6457: result: no
configure:6700: checking for mt
configure:6730: result: no
configure:6750: checking if : is a manifest tool
configure:6756: : '-?'
configure:6764: result: no
configure:7392: checking for ANSI C header files
configure:7412: gcc -c -g -O2  conftest.c >&5
configure:7412: $? = 0
configure:7485: gcc -o conftest.exe -g -O2   conftest.c  >&5
configure:7485: $? = 0
configure:7485: ./conftest.exe
configure:7485: $? = 0
configure:7496: result: yes
configure:7509: checking for sys/types.h
configure:7509: gcc -c -g -O2  conftest.c >&5
configure:7509: $? = 0
configure:7509: result: yes
configure:7509: checking for sys/stat.h
configure:7509: gcc -c -g -O2  conftest.c >&5
configure:7509: $? = 0
configure:7509: result: yes
configure:7509: checking for stdlib.h
configure:7509: gcc -c -g -O2  conftest.c >&5
configure:7509: $? = 0
configure:7509: result: yes
configure:7509: checking for string.h
configure:7509: gcc -c -g -O2  conftest.c >&5
configure:7509: $? = 0
configure:7509: result: yes
configure:7509: checking for memory.h
configure:7509: gcc -c -g -O2  conftest.c >&5
configure:7509: $? = 0
configure:7509: result: yes
configure:7509: checking for strings.h
configure:7509: gcc -c -g -O2  conftest.c >&5
configure:7509: $? = 0
configure:7509: result: yes
configure:7509: checking for inttypes.h
configure:7509: gcc -c -g -O2  conftest.c >&5
configure:7509: $? = 0
configure:7509: result: yes
configure:7509: checking for stdint.h
configure:7509: gcc -c -g -O2  conftest.c >&5
configure:7509: $? = 0
configure:7509: result: yes
configure:7509: checking for unistd.h
configure:7509: gcc -c -g -O2  conftest.c >&5
configure:7509: $? = 0
configure:7509: result: yes
configure:7523: checking for dlfcn.h
configure:7523: gcc -c -g -O2  conftest.c >&5
conftest.c:55:19: fatal error: dlfcn.h: No such file or directory
compilation terminated.
configure:7523: $? = 1
configure: failed program was:
| /* confdefs.h */
| #define PACKAGE_NAME "libpng"
| #define PACKAGE_TARNAME "libpng"
| #define PACKAGE_VERSION "1.5.0"
| #define PACKAGE_STRING "libpng 1.5.0"
| #define PACKAGE_BUGREPORT "png-mng-implement@lists.sourceforge.net"
| #define PACKAGE_URL ""
| #define PACKAGE "libpng"
| #define VERSION "1.5.0"
| #define STDC_HEADERS 1
| #define HAVE_SYS_TYPES_H 1
| #define HAVE_SYS_STAT_H 1
| #define HAVE_STDLIB_H 1
| #define HAVE_STRING_H 1
| #define HAVE_MEMORY_H 1
| #define HAVE_STRINGS_H 1
| #define HAVE_INTTYPES_H 1
| #define HAVE_STDINT_H 1
| #define HAVE_UNISTD_H 1
| /* end confdefs.h.  */
| #include <stdio.h>
| #ifdef HAVE_SYS_TYPES_H
| # include <sys/types.h>
| #endif
| #ifdef HAVE_SYS_STAT_H
| # include <sys/stat.h>
| #endif
| #ifdef STDC_HEADERS
| # include <stdlib.h>
| # include <stddef.h>
| #else
| # ifdef HAVE_STDLIB_H
| #  include <stdlib.h>
| # endif
| #endif
| #ifdef HAVE_STRING_H
| # if !defined STDC_HEADERS && defined HAVE_MEMORY_H
| #  include <memory.h>
| # endif
| # include <string.h>
| #endif
| #ifdef HAVE_STRINGS_H
| # include <strings.h>
| #endif
| #ifdef HAVE_INTTYPES_H
| # include <inttypes.h>
| #endif
| #ifdef HAVE_STDINT_H
| # include <stdint.h>
| #endif
| #ifdef HAVE_UNISTD_H
| # include <unistd.h>
| #endif
| 
| #include <dlfcn.h>
configure:7523: result: no
configure:7586: checking for as
configure:7602: found /c/Program Files (x86)/ATI Stream/bin/x86_64/as
configure:7613: result: as
configure:7678: checking for dlltool
configure:7705: result: dlltool
configure:7770: checking for objdump
configure:7797: result: objdump
configure:8008: checking for objdir
configure:8023: result: .libs
configure:8290: checking if gcc supports -fno-rtti -fno-exceptions
configure:8308: gcc -c -g -O2  -fno-rtti -fno-exceptions conftest.c >&5
cc1.exe: warning: command line option "-fno-rtti" is valid for C++/ObjC++ but not for C
configure:8312: $? = 0
configure:8325: result: no
configure:8635: checking for gcc option to produce PIC
configure:8642: result: -DDLL_EXPORT -DPIC
configure:8650: checking if gcc PIC flag -DDLL_EXPORT -DPIC works
configure:8668: gcc -c -g -O2  -DDLL_EXPORT -DPIC -DPIC conftest.c >&5
configure:8672: $? = 0
configure:8685: result: yes
configure:8714: checking if gcc static flag -static works
configure:8742: result: yes
configure:8757: checking if gcc supports -c -o file.o
configure:8778: gcc -c -g -O2  -o out/conftest2.o conftest.c >&5
configure:8782: $? = 0
configure:8804: result: yes
configure:8812: checking if gcc supports -c -o file.o
configure:8859: result: yes
configure:8892: checking whether the gcc linker (c:/mingw32/mingw32/bin/ld.exe) supports shared libraries
configure:10050: result: yes
configure:10087: checking whether -lc should be explicitly linked in
configure:10095: gcc -c -g -O2  conftest.c >&5
configure:10098: $? = 0
configure:10113: gcc -shared conftest.o  -v -o ./conftest -Wl,--enable-auto-image-base -Xlinker --out-implib -Xlinker conftest 2\>\&1 \| /bin/grep  -lc  \>/dev/null 2\>\&1
configure:10116: $? = 1
configure:10130: result: yes
configure:10295: checking dynamic linker characteristics
configure:11031: result: Win32 ld.exe
configure:11138: checking how to hardcode library paths into programs
configure:11163: result: immediate
configure:11703: checking whether stripping libraries is possible
configure:11708: result: yes
configure:11743: checking if libtool supports shared libraries
configure:11745: result: yes
configure:11748: checking whether to build shared libraries
configure:11769: result: yes
configure:11772: checking whether to build static libraries
configure:11776: result: yes
configure:11813: checking for ANSI C header files
configure:11917: result: yes
configure:11928: checking malloc.h usability
configure:11928: gcc -c -g -O2  conftest.c >&5
configure:11928: $? = 0
configure:11928: result: yes
configure:11928: checking malloc.h presence
configure:11928: gcc -E  conftest.c
configure:11928: $? = 0
configure:11928: result: yes
configure:11928: checking for malloc.h
configure:11928: result: yes
configure:11928: checking for stdlib.h
configure:11928: result: yes
configure:11928: checking for string.h
configure:11928: result: yes
configure:11928: checking for strings.h
configure:11928: result: yes
configure:11940: checking for an ANSI C-conforming const
configure:12005: gcc -c -g -O2  conftest.c >&5
configure:12005: $? = 0
configure:12012: result: yes
configure:12020: checking for size_t
configure:12020: gcc -c -g -O2  conftest.c >&5
configure:12020: $? = 0
configure:12020: gcc -c -g -O2  conftest.c >&5
conftest.c: In function 'main':
conftest.c:63:21: error: expected expression before ')' token
configure:12020: $? = 1
configure: failed program was:
| /* confdefs.h */
| #define PACKAGE_NAME "libpng"
| #define PACKAGE_TARNAME "libpng"
| #define PACKAGE_VERSION "1.5.0"
| #define PACKAGE_STRING "libpng 1.5.0"
| #define PACKAGE_BUGREPORT "png-mng-implement@lists.sourceforge.net"
| #define PACKAGE_URL ""
| #define PACKAGE "libpng"
| #define VERSION "1.5.0"
| #define STDC_HEADERS 1
| #define HAVE_SYS_TYPES_H 1
| #define HAVE_SYS_STAT_H 1
| #define HAVE_STDLIB_H 1
| #define HAVE_STRING_H 1
| #define HAVE_MEMORY_H 1
| #define HAVE_STRINGS_H 1
| #define HAVE_INTTYPES_H 1
| #define HAVE_STDINT_H 1
| #define HAVE_UNISTD_H 1
| #define LT_OBJDIR ".libs/"
| #define STDC_HEADERS 1
| #define HAVE_MALLOC_H 1
| #define HAVE_STDLIB_H 1
| #define HAVE_STRING_H 1
| #define HAVE_STRINGS_H 1
| /* end confdefs.h.  */
| #include <stdio.h>
| #ifdef HAVE_SYS_TYPES_H
| # include <sys/types.h>
| #endif
| #ifdef HAVE_SYS_STAT_H
| # include <sys/stat.h>
| #endif
| #ifdef STDC_HEADERS
| # include <stdlib.h>
| # include <stddef.h>
| #else
| # ifdef HAVE_STDLIB_H
| #  include <stdlib.h>
| # endif
| #endif
| #ifdef HAVE_STRING_H
| # if !defined STDC_HEADERS && defined HAVE_MEMORY_H
| #  include <memory.h>
| # endif
| # include <string.h>
| #endif
| #ifdef HAVE_STRINGS_H
| # include <strings.h>
| #endif
| #ifdef HAVE_INTTYPES_H
| # include <inttypes.h>
| #endif
| #ifdef HAVE_STDINT_H
| # include <stdint.h>
| #endif
| #ifdef HAVE_UNISTD_H
| # include <unistd.h>
| #endif
| int
| main ()
| {
| if (sizeof ((size_t)))
| 	    return 0;
|   ;
|   return 0;
| }
configure:12020: result: yes
configure:12031: checking whether struct tm is in sys/time.h or time.h
configure:12051: gcc -c -g -O2  conftest.c >&5
configure:12051: $? = 0
configure:12058: result: time.h
configure:12068: checking for working strtod
configure:12109: gcc -o conftest.exe -g -O2   conftest.c  >&5
configure:12109: $? = 0
configure:12109: ./conftest.exe
configure:12109: $? = 0
configure:12119: result: yes
configure:12183: checking for memset
configure:12183: gcc -o conftest.exe -g -O2   conftest.c  >&5
conftest.c:50:6: warning: conflicting types for built-in function 'memset'
configure:12183: $? = 0
configure:12183: result: yes
configure:12196: checking for pow
configure:12196: gcc -o conftest.exe -g -O2   conftest.c  >&5
conftest.c:51:6: warning: conflicting types for built-in function 'pow'
configure:12196: $? = 0
configure:12196: result: yes
configure:12261: checking for zlibVersion in -lz
configure:12286: gcc -o conftest.exe -g -O2   conftest.c -lz   >&5
configure:12286: $? = 0
configure:12295: result: yes
configure:12362: checking if libraries can be versioned
configure:12370: result: no
configure:12428: pkgconfig directory is ${libdir}/pkgconfig
configure:12592: creating ./config.status

## ---------------------- ##
## Running config.status. ##
## ---------------------- ##

This file was extended by libpng config.status 1.5.0, which was
generated by GNU Autoconf 2.68.  Invocation command line was

  CONFIG_FILES    = 
  CONFIG_HEADERS  = 
  CONFIG_LINKS    = 
  CONFIG_COMMANDS = 
  $ ./config.status 

on Drew-PC

config.status:1125: creating Makefile
config.status:1125: creating libpng.pc
config.status:1125: creating libpng-config
config.status:1125: creating config.h
config.status:1354: executing depfiles commands
config.status:1354: executing libtool commands

## ---------------- ##
## Cache variables. ##
## ---------------- ##

ac_cv_build=i686-pc-mingw32
ac_cv_c_compiler_gnu=yes
ac_cv_c_const=yes
ac_cv_env_CC_set=
ac_cv_env_CC_value=
ac_cv_env_CFLAGS_set=
ac_cv_env_CFLAGS_value=
ac_cv_env_CPPFLAGS_set=
ac_cv_env_CPPFLAGS_value=
ac_cv_env_CPP_set=
ac_cv_env_CPP_value=
ac_cv_env_LDFLAGS_set=
ac_cv_env_LDFLAGS_value=
ac_cv_env_LIBS_set=
ac_cv_env_LIBS_value=
ac_cv_env_build_alias_set=
ac_cv_env_build_alias_value=
ac_cv_env_host_alias_set=
ac_cv_env_host_alias_value=
ac_cv_env_target_alias_set=
ac_cv_env_target_alias_value=
ac_cv_exeext=.exe
ac_cv_func_memset=yes
ac_cv_func_pow=yes
ac_cv_func_strtod=yes
ac_cv_header_dlfcn_h=no
ac_cv_header_inttypes_h=yes
ac_cv_header_malloc_h=yes
ac_cv_header_memory_h=yes
ac_cv_header_stdc=yes
ac_cv_header_stdint_h=yes
ac_cv_header_stdlib_h=yes
ac_cv_header_string_h=yes
ac_cv_header_strings_h=yes
ac_cv_header_sys_stat_h=yes
ac_cv_header_sys_types_h=yes
ac_cv_header_unistd_h=yes
ac_cv_host=i686-pc-mingw32
ac_cv_lib_z_zlibVersion=yes
ac_cv_objext=o
ac_cv_path_EGREP='/bin/grep -E'
ac_cv_path_FGREP='/bin/grep -F'
ac_cv_path_GREP=/bin/grep
ac_cv_path_SED=/bin/sed
ac_cv_path_install='/bin/install -c'
ac_cv_path_mkdir=/bin/mkdir
ac_cv_prog_AWK=gawk
ac_cv_prog_CPP='gcc -E'
ac_cv_prog_ac_ct_AR=ar
ac_cv_prog_ac_ct_AS=as
ac_cv_prog_ac_ct_CC=gcc
ac_cv_prog_ac_ct_DLLTOOL=dlltool
ac_cv_prog_ac_ct_OBJDUMP=objdump
ac_cv_prog_ac_ct_RANLIB=ranlib
ac_cv_prog_ac_ct_SED=/bin/sed
ac_cv_prog_ac_ct_STRIP=strip
ac_cv_prog_cc_c89=
ac_cv_prog_cc_g=yes
ac_cv_prog_make_make_set=yes
ac_cv_struct_tm=time.h
ac_cv_type_size_t=yes
am_cv_CC_dependencies_compiler_type=gcc3
lt_cv_ar_at_file=@
lt_cv_archive_cmds_need_lc=yes
lt_cv_deplibs_check_method='file_magic ^x86 archive import|^x86 DLL'
lt_cv_file_magic_cmd=func_win32_libid
lt_cv_file_magic_test_file=
lt_cv_ld_reload_flag=-r
lt_cv_nm_interface='BSD nm'
lt_cv_objdir=.libs
lt_cv_path_LD=c:/mingw32/mingw32/bin/ld.exe
lt_cv_path_NM=/c/MinGW32/bin/nm
lt_cv_path_mainfest_tool=no
lt_cv_prog_compiler_c_o=yes
lt_cv_prog_compiler_pic='-DDLL_EXPORT -DPIC'
lt_cv_prog_compiler_pic_works=yes
lt_cv_prog_compiler_rtti_exceptions=no
lt_cv_prog_compiler_static_works=yes
lt_cv_prog_gnu_ld=yes
lt_cv_sharedlib_from_linklib_cmd=func_cygming_dll_for_implib
lt_cv_sys_global_symbol_pipe='sed -n -e '\''s/^.*[	 ]\([ABCDGIRSTW][ABCDGIRSTW]*\)[	 ][	 ]*_\([_A-Za-z][_A-Za-z0-9]*\)\{0,1\}$/\1 _\2 \2/p'\'' | sed '\''/ __gnu_lto/d'\'''
lt_cv_sys_global_symbol_to_c_name_address='sed -n -e '\''s/^: \([^ ]*\)[ ]*$/  {\"\1\", (void *) 0},/p'\'' -e '\''s/^[ABCDGIRSTW]* \([^ ]*\) \([^ ]*\)$/  {"\2", (void *) \&\2},/p'\'''
lt_cv_sys_global_symbol_to_c_name_address_lib_prefix='sed -n -e '\''s/^: \([^ ]*\)[ ]*$/  {\"\1\", (void *) 0},/p'\'' -e '\''s/^[ABCDGIRSTW]* \([^ ]*\) \(lib[^ ]*\)$/  {"\2", (void *) \&\2},/p'\'' -e '\''s/^[ABCDGIRSTW]* \([^ ]*\) \([^ ]*\)$/  {"lib\2", (void *) \&\2},/p'\'''
lt_cv_sys_global_symbol_to_cdecl='sed -n -e '\''s/^T .* \(.*\)$/extern int \1();/p'\'' -e '\''s/^[ABCDGIRSTW]* .* \(.*\)$/extern char \1;/p'\'''
lt_cv_sys_max_cmd_len=8192
lt_cv_to_host_file_cmd=func_convert_file_msys_to_w32
lt_cv_to_tool_file_cmd=func_convert_file_msys_to_w32

## ----------------- ##
## Output variables. ##
## ----------------- ##

ACLOCAL='${SHELL} "/c/Users/Drew/Documents/TSO SVN/tools/libfar/FARDive/libpng-1.5.0/missing" --run aclocal-1.11'
AMDEPBACKSLASH='\'
AMDEP_FALSE='#'
AMDEP_TRUE=''
AMTAR='${SHELL} "/c/Users/Drew/Documents/TSO SVN/tools/libfar/FARDive/libpng-1.5.0/missing" --run tar'
AR='ar'
AS='as'
AUTOCONF='${SHELL} "/c/Users/Drew/Documents/TSO SVN/tools/libfar/FARDive/libpng-1.5.0/missing" --run autoconf'
AUTOHEADER='${SHELL} "/c/Users/Drew/Documents/TSO SVN/tools/libfar/FARDive/libpng-1.5.0/missing" --run autoheader'
AUTOMAKE='${SHELL} "/c/Users/Drew/Documents/TSO SVN/tools/libfar/FARDive/libpng-1.5.0/missing" --run automake-1.11'
AWK='gawk'
CC='gcc'
CCDEPMODE='depmode=gcc3'
CFLAGS='-g -O2'
CPP='gcc -E'
CPPFLAGS=''
CYGPATH_W='echo'
DEFS='-DHAVE_CONFIG_H'
DEPDIR='.deps'
DLLTOOL='dlltool'
DSYMUTIL=''
DUMPBIN=''
ECHO_C=''
ECHO_N='-n'
ECHO_T=''
EGREP='/bin/grep -E'
EXEEXT='.exe'
FGREP='/bin/grep -F'
GREP='/bin/grep'
HAVE_LD_VERSION_SCRIPT_FALSE=''
HAVE_LD_VERSION_SCRIPT_TRUE='#'
INSTALL_DATA='${INSTALL} -m 644'
INSTALL_PROGRAM='${INSTALL}'
INSTALL_SCRIPT='${INSTALL}'
INSTALL_STRIP_PROGRAM='$(install_sh) -c -s'
LD='c:/mingw32/mingw32/bin/ld.exe'
LDFLAGS=''
LIBOBJS=''
LIBPNG_DEFINES='-DPNG_CONFIGURE_LIBPNG'
LIBS='-lz '
LIBTOOL='$(SHELL) $(top_builddir)/libtool'
LIPO=''
LN_S='cp -p'
LTLIBOBJS=''
MAINT='#'
MAINTAINER_MODE_FALSE=''
MAINTAINER_MODE_TRUE='#'
MAKEINFO='${SHELL} "/c/Users/Drew/Documents/TSO SVN/tools/libfar/FARDive/libpng-1.5.0/missing" --run makeinfo'
MANIFEST_TOOL=':'
MKDIR_P='/bin/mkdir -p'
NM='/c/MinGW32/bin/nm'
NMEDIT=''
OBJDUMP='objdump'
OBJEXT='o'
OTOOL64=''
OTOOL=''
PACKAGE='libpng'
PACKAGE_BUGREPORT='png-mng-implement@lists.sourceforge.net'
PACKAGE_NAME='libpng'
PACKAGE_STRING='libpng 1.5.0'
PACKAGE_TARNAME='libpng'
PACKAGE_URL=''
PACKAGE_VERSION='1.5.0'
PATH_SEPARATOR=':'
PNGLIB_MAJOR='1'
PNGLIB_MINOR='5'
PNGLIB_RELEASE='0'
PNGLIB_VERSION='1.5.0'
POW_LIB=''
RANLIB='ranlib'
SED='/bin/sed'
SET_MAKE=''
SHELL='/bin/sh'
STRIP='strip'
SYMBOL_PREFIX=''
VERSION='1.5.0'
ac_ct_AR='ar'
ac_ct_CC='gcc'
ac_ct_DUMPBIN=''
am__EXEEXT_FALSE='#'
am__EXEEXT_TRUE=''
am__fastdepCC_FALSE='#'
am__fastdepCC_TRUE=''
am__include='include'
am__isrc=''
am__leading_dot='.'
am__quote=''
am__tar='${AMTAR} chof - "$$tardir"'
am__untar='${AMTAR} xf -'
binconfigs='${binconfigs}'
bindir='${exec_prefix}/bin'
build='i686-pc-mingw32'
build_alias=''
build_cpu='i686'
build_os='mingw32'
build_vendor='pc'
datadir='${datarootdir}'
datarootdir='${prefix}/share'
docdir='${datarootdir}/doc/${PACKAGE_TARNAME}'
dvidir='${docdir}'
exec_prefix='${prefix}'
host='i686-pc-mingw32'
host_alias=''
host_cpu='i686'
host_os='mingw32'
host_vendor='pc'
htmldir='${docdir}'
includedir='${prefix}/include'
infodir='${datarootdir}/info'
install_sh='${SHELL} '\''/c/Users/Drew/Documents/TSO SVN/tools/libfar/FARDive/libpng-1.5.0/install-sh'\'''
libdir='${exec_prefix}/lib'
libexecdir='${exec_prefix}/libexec'
localedir='${datarootdir}/locale'
localstatedir='${prefix}/var'
mandir='${datarootdir}/man'
mkdir_p='/bin/mkdir -p'
oldincludedir='/usr/include'
pdfdir='${docdir}'
pkgconfigdir='${libdir}/pkgconfig'
prefix='/usr/local'
program_transform_name='s,x,x,'
psdir='${docdir}'
sbindir='${exec_prefix}/sbin'
sharedstatedir='${prefix}/com'
sysconfdir='${prefix}/etc'
target_alias=''

## ----------- ##
## confdefs.h. ##
## ----------- ##

/* confdefs.h */
#define PACKAGE_NAME "libpng"
#define PACKAGE_TARNAME "libpng"
#define PACKAGE_VERSION "1.5.0"
#define PACKAGE_STRING "libpng 1.5.0"
#define PACKAGE_BUGREPORT "png-mng-implement@lists.sourceforge.net"
#define PACKAGE_URL ""
#define PACKAGE "libpng"
#define VERSION "1.5.0"
#define STDC_HEADERS 1
#define HAVE_SYS_TYPES_H 1
#define HAVE_SYS_STAT_H 1
#define HAVE_STDLIB_H 1
#define HAVE_STRING_H 1
#define HAVE_MEMORY_H 1
#define HAVE_STRINGS_H 1
#define HAVE_INTTYPES_H 1
#define HAVE_STDINT_H 1
#define HAVE_UNISTD_H 1
#define LT_OBJDIR ".libs/"
#define STDC_HEADERS 1
#define HAVE_MALLOC_H 1
#define HAVE_STDLIB_H 1
#define HAVE_STRING_H 1
#define HAVE_STRINGS_H 1
#define HAVE_MEMSET 1
#define HAVE_POW 1
#define HAVE_LIBZ 1

configure: exit 0
